<?xml version="1.0" encoding="UTF-8"?>
<!-- Generated by org.testng.reporters.JUnitReportReporter -->
<testsuite skipped="0" hostname="LAPTOP-FLH173LL" name="com.org.tests.Headerboxtests" tests="6" failures="0" timestamp="2020-06-06T23:29:19 IST" time="29.971" errors="0">
  <testcase name="validateOpenMenu" time="8.052" classname="com.org.tests.Headerboxtests"/>
  <system-out/>
  <testcase name="validateSearchBoxTest" time="3.494" classname="com.org.tests.Headerboxtests"/>
  <system-out/>
  <testcase name="validateSearchBoxTest" time="4.597" classname="com.org.tests.Headerboxtests"/>
  <system-out/>
  <testcase name="validateSearchBoxTest" time="4.508" classname="com.org.tests.Headerboxtests"/>
  <system-out/>
  <testcase name="validateSearchBoxTest" time="7.192" classname="com.org.tests.Headerboxtests"/>
  <system-out/>
  <testcase name="validateSearchBoxTest" time="2.128" classname="com.org.tests.Headerboxtests"/>
  <system-out/>
</testsuite> <!-- com.org.tests.Headerboxtests -->
