<?xml version="1.0" encoding="UTF-8"?>
<!-- Generated by org.testng.reporters.JUnitReportReporter -->
<testsuite skipped="0" hostname="LAPTOP-FLH173LL" name="com.org.tests.Headerboxtests" tests="6" failures="0" timestamp="2020-06-11T22:12:33 IST" time="36.339" errors="0">
  <testcase name="validateOpenMenu" time="9.641" classname="com.org.tests.Headerboxtests"/>
  <system-out/>
  <testcase name="validateSearchBoxTest" time="2.962" classname="com.org.tests.Headerboxtests"/>
  <system-out/>
  <testcase name="validateSearchBoxTest" time="5.138" classname="com.org.tests.Headerboxtests"/>
  <system-out/>
  <testcase name="validateSearchBoxTest" time="7.391" classname="com.org.tests.Headerboxtests"/>
  <system-out/>
  <testcase name="validateSearchBoxTest" time="4.835" classname="com.org.tests.Headerboxtests"/>
  <system-out/>
  <testcase name="validateSearchBoxTest" time="6.372" classname="com.org.tests.Headerboxtests"/>
  <system-out/>
</testsuite> <!-- com.org.tests.Headerboxtests -->
