<?xml version="1.0" encoding="UTF-8"?>
<!-- Generated by org.testng.reporters.JUnitReportReporter -->
<testsuite skipped="0" hostname="LAPTOP-FLH173LL" name="com.org.tests.Headerboxtests" tests="6" failures="0" timestamp="11 Jun 2020 17:48:38 GMT" time="48.229" errors="0">
  <testcase name="validateOpenMenu" time="11.914" classname="com.org.tests.Headerboxtests"/>
  <testcase name="validateSearchBoxTest" time="6.182" classname="com.org.tests.Headerboxtests"/>
  <testcase name="validateSearchBoxTest" time="5.048" classname="com.org.tests.Headerboxtests"/>
  <testcase name="validateSearchBoxTest" time="4.201" classname="com.org.tests.Headerboxtests"/>
  <testcase name="validateSearchBoxTest" time="14.237" classname="com.org.tests.Headerboxtests"/>
  <testcase name="validateSearchBoxTest" time="6.647" classname="com.org.tests.Headerboxtests"/>
</testsuite> <!-- com.org.tests.Headerboxtests -->
